2025-02-04 16:07:56,426 - INFO - +++++++++++Extracting data...
2025-02-04 16:08:03,776 - INFO - ++++++++++++Loading data...
2025-02-04 17:25:17,433 - INFO - +++++++++++Extracting data...
2025-02-04 17:25:23,427 - INFO - ++++++++++++Loading data...
2025-02-04 17:35:13,188 - INFO - +++++++++++Extracting data...
2025-02-04 17:35:15,737 - INFO - +++++++++Transforming data...
2025-02-04 17:35:19,022 - INFO - ++++++++++++Loading data...
2025-02-04 17:39:14,627 - INFO - +++++++++++Extracting data...
2025-02-04 17:39:16,908 - INFO - +++++++++Transforming data...
2025-02-04 17:39:19,832 - INFO - ++++++++++++Loading data...
2025-02-04 17:54:51,373 - INFO - +++++++++++Extracting data...
2025-02-04 17:54:53,682 - INFO - +++++++++Transforming data...
2025-02-04 17:54:56,685 - INFO - ++++++++++++Loading data...
2025-02-04 17:58:49,338 - INFO - +++++++++++Extracting data...
2025-02-04 17:58:51,965 - INFO - +++++++++Transforming data...
2025-02-04 17:58:54,986 - INFO - ++++++++++++Loading data...
2025-02-05 10:00:03,778 - INFO - +++++++++++Extracting data...
2025-02-05 10:00:06,317 - INFO - +++++++++Transforming data...
2025-02-05 10:00:12,778 - INFO - ++++++++++++Loading data...
2025-02-06 17:06:34,380 - INFO - +++++++++++Extracting data...
2025-02-06 17:06:37,978 - INFO - +++++++++Transforming data...
2025-02-06 17:06:42,755 - INFO - ++++++++++++Loading data...
2025-02-06 17:12:34,829 - INFO - +++++++++++Extracting data...
2025-02-06 17:12:37,614 - INFO - +++++++++Transforming data...
2025-02-06 17:12:42,669 - INFO - ++++++++++++Loading data...
2025-02-06 17:15:13,842 - INFO - +++++++++++Extracting data...
2025-02-06 17:15:16,743 - INFO - +++++++++Transforming data...
2025-02-06 17:15:20,642 - INFO - ++++++++++++Loading data...
2025-02-06 17:16:31,363 - INFO - +++++++++++Extracting data...
2025-02-06 17:16:33,790 - INFO - +++++++++Transforming data...
2025-02-06 17:16:39,037 - INFO - ++++++++++++Loading data...
2025-02-06 20:32:14,139 - INFO - +++++++++++Extracting data...
2025-02-06 20:32:50,729 - INFO - +++++++++++Extracting data...
2025-02-06 20:32:53,957 - INFO - +++++++++Transforming data...
2025-02-06 20:33:02,356 - INFO - ++++++++++++Loading data...
2025-02-06 20:37:23,606 - INFO - +++++++++Transforming data...
2025-02-06 20:37:31,606 - INFO - ++++++++++++Loading data...
2025-02-06 20:38:54,189 - INFO - +++++++++++Extracting data...
2025-02-06 20:38:54,495 - INFO - +++++++++++Extracting data...
2025-02-06 20:38:57,841 - INFO - +++++++++++Extracting data...
2025-02-06 20:38:58,845 - INFO - +++++++++++Extracting data...
2025-02-06 20:39:01,920 - INFO - +++++++++++Extracting data...
2025-02-06 20:39:03,148 - INFO - +++++++++++Extracting data...
2025-02-06 20:39:06,007 - INFO - +++++++++++Extracting data...
2025-02-06 20:39:07,187 - INFO - +++++++++++Extracting data...
2025-02-06 20:39:09,895 - INFO - +++++++++++Extracting data...
2025-02-06 20:39:10,769 - INFO - +++++++++++Extracting data...
2025-02-06 20:39:14,069 - INFO - +++++++++++Extracting data...
2025-02-06 20:39:14,721 - INFO - +++++++++++Extracting data...
2025-02-06 20:39:17,933 - INFO - +++++++++++Extracting data...
2025-02-06 20:39:18,629 - INFO - +++++++++++Extracting data...
2025-02-06 20:39:22,242 - INFO - +++++++++++Extracting data...
2025-02-06 20:39:22,746 - INFO - +++++++++++Extracting data...
2025-02-06 20:43:58,029 - INFO - +++++++++++Extracting data...
2025-02-06 20:44:03,967 - INFO - +++++++++++Extracting data...
2025-02-06 20:44:04,973 - INFO - +++++++++++Extracting data...
2025-02-06 20:44:08,186 - INFO - +++++++++++Extracting data...
2025-02-06 20:44:11,900 - INFO - +++++++++++Extracting data...
2025-02-06 20:44:12,941 - INFO - +++++++++++Extracting data...
2025-02-06 20:44:16,745 - INFO - +++++++++++Extracting data...
2025-02-06 20:44:18,148 - INFO - +++++++++++Extracting data...
2025-02-06 20:44:25,259 - INFO - +++++++++++Extracting data...
2025-02-06 20:44:26,935 - INFO - +++++++++++Extracting data...
2025-02-06 20:44:29,932 - INFO - +++++++++++Extracting data...
2025-02-06 20:44:30,915 - INFO - +++++++++++Extracting data...
2025-02-06 20:44:33,714 - INFO - +++++++++++Extracting data...
2025-02-06 20:44:37,348 - INFO - +++++++++++Extracting data...
2025-02-06 20:44:41,069 - INFO - +++++++++++Extracting data...
2025-02-06 20:44:44,690 - INFO - +++++++++++Extracting data...
2025-02-06 20:47:25,807 - INFO - +++++++++Transforming data...
2025-02-06 20:47:33,223 - INFO - ++++++++++++Loading data...
2025-02-06 20:47:37,267 - INFO - +++++++++++Extracting data...
2025-02-06 20:48:02,441 - INFO - +++++++++Transforming data...
2025-02-06 20:48:09,561 - INFO - ++++++++++++Loading data...
2025-02-06 20:48:13,345 - INFO - +++++++++++Extracting data...
2025-02-06 20:48:13,345 - INFO - +++++++++++Extracting data...
2025-02-06 20:48:38,796 - INFO - +++++++++Transforming data...
2025-02-06 20:48:46,580 - INFO - ++++++++++++Loading data...
2025-02-06 20:48:51,063 - INFO - +++++++++++Extracting data...
2025-02-06 20:49:15,056 - INFO - +++++++++Transforming data...
2025-02-06 20:49:22,694 - INFO - ++++++++++++Loading data...
2025-02-06 20:49:33,214 - INFO - +++++++++Transforming data...
2025-02-06 20:49:37,872 - INFO - +++++++++++Extracting data...
2025-02-06 20:49:45,757 - INFO - ++++++++++++Loading data...
2025-02-06 20:49:47,709 - INFO - +++++++++Transforming data...
2025-02-06 20:50:09,680 - INFO - +++++++++Transforming data...
2025-02-06 20:50:12,903 - INFO - +++++++++Transforming data...
2025-02-06 20:50:34,386 - INFO - +++++++++Transforming data...
2025-02-06 20:50:37,272 - INFO - +++++++++Transforming data...
2025-02-06 20:50:42,302 - INFO - +++++++++++Extracting data...
2025-02-06 20:50:58,771 - INFO - +++++++++Transforming data...
2025-02-06 20:51:08,103 - INFO - +++++++++Transforming data...
2025-02-06 20:51:23,501 - INFO - +++++++++Transforming data...
2025-02-06 20:51:32,194 - INFO - +++++++++Transforming data...
2025-02-06 20:51:48,855 - INFO - +++++++++Transforming data...
2025-02-06 20:51:57,584 - INFO - +++++++++Transforming data...
2025-02-06 20:51:58,567 - INFO - ++++++++++++Loading data...
2025-02-06 20:52:06,094 - INFO - ++++++++++++Loading data...
2025-02-06 20:52:14,561 - INFO - ++++++++++++Loading data...
2025-02-06 20:52:21,104 - INFO - +++++++++Transforming data...
2025-02-06 20:52:22,246 - INFO - ++++++++++++Loading data...
2025-02-06 20:52:30,241 - INFO - ++++++++++++Loading data...
2025-02-06 20:52:37,281 - INFO - ++++++++++++Loading data...
2025-02-06 20:52:45,006 - INFO - ++++++++++++Loading data...
2025-02-06 20:52:45,103 - INFO - +++++++++Transforming data...
2025-02-06 20:52:54,118 - INFO - ++++++++++++Loading data...
2025-02-06 20:53:10,242 - INFO - +++++++++Transforming data...
2025-02-06 20:53:10,836 - INFO - +++++++++++Extracting data...
2025-02-06 20:53:14,449 - INFO - +++++++++++Extracting data...
2025-02-06 20:53:33,579 - INFO - +++++++++Transforming data...
2025-02-06 20:53:38,390 - INFO - +++++++++Transforming data...
2025-02-06 20:53:46,923 - INFO - ++++++++++++Loading data...
2025-02-06 20:53:52,399 - INFO - +++++++++++Extracting data...
2025-02-06 20:54:00,517 - INFO - ++++++++++++Loading data...
2025-02-06 20:54:08,510 - INFO - ++++++++++++Loading data...
2025-02-06 20:54:17,427 - INFO - ++++++++++++Loading data...
2025-02-06 20:54:21,157 - INFO - +++++++++Transforming data...
2025-02-06 20:54:25,225 - INFO - ++++++++++++Loading data...
2025-02-06 20:54:33,437 - INFO - ++++++++++++Loading data...
2025-02-06 20:54:37,821 - INFO - +++++++++++Extracting data...
2025-02-06 20:54:46,733 - INFO - ++++++++++++Loading data...
2025-02-06 20:54:56,084 - INFO - ++++++++++++Loading data...
2025-02-06 20:55:01,695 - INFO - +++++++++++Extracting data...
2025-02-06 20:55:02,014 - INFO - +++++++++Transforming data...
2025-02-06 20:55:17,081 - INFO - ++++++++++++Loading data...
2025-02-06 20:55:25,507 - INFO - +++++++++Transforming data...
2025-02-06 20:55:34,917 - INFO - ++++++++++++Loading data...
2025-02-06 20:55:41,657 - INFO - +++++++++Transforming data...
2025-02-06 20:55:41,903 - INFO - +++++++++++Extracting data...
2025-02-06 20:55:47,253 - INFO - +++++++++++Extracting data...
2025-02-06 20:55:48,462 - INFO - ++++++++++++Loading data...
2025-02-06 20:55:54,028 - INFO - +++++++++++Extracting data...
2025-02-06 20:56:11,660 - INFO - +++++++++Transforming data...
2025-02-06 20:56:18,860 - INFO - +++++++++Transforming data...
2025-02-06 20:56:20,339 - INFO - ++++++++++++Loading data...
2025-02-06 20:56:29,916 - INFO - +++++++++++Extracting data...
2025-02-06 20:56:34,875 - INFO - +++++++++++Extracting data...
2025-02-06 20:56:45,199 - INFO - +++++++++Transforming data...
2025-02-06 20:56:53,943 - INFO - ++++++++++++Loading data...
2025-02-06 20:57:00,764 - INFO - +++++++++Transforming data...
2025-02-06 20:57:03,219 - INFO - ++++++++++++Loading data...
2025-02-06 20:57:05,820 - INFO - +++++++++++Extracting data...
2025-02-06 20:57:29,978 - INFO - +++++++++Transforming data...
2025-02-06 20:57:29,996 - INFO - +++++++++Transforming data...
2025-02-06 20:57:36,873 - INFO - ++++++++++++Loading data...
2025-02-06 20:57:37,212 - INFO - ++++++++++++Loading data...
2025-02-06 20:57:43,759 - INFO - ++++++++++++Loading data...
2025-02-06 20:57:44,292 - INFO - ++++++++++++Loading data...
2025-02-06 20:57:48,828 - INFO - +++++++++++Extracting data...
2025-02-06 20:57:50,065 - INFO - +++++++++++Extracting data...
2025-02-06 20:57:52,415 - INFO - +++++++++++Extracting data...
2025-02-06 20:57:54,373 - INFO - +++++++++++Extracting data...
2025-02-06 20:58:16,057 - INFO - +++++++++Transforming data...
2025-02-06 20:58:18,920 - INFO - +++++++++Transforming data...
2025-02-06 20:58:26,613 - INFO - ++++++++++++Loading data...
2025-02-06 20:58:40,482 - INFO - +++++++++Transforming data...
2025-02-06 20:58:47,445 - INFO - ++++++++++++Loading data...
2025-02-06 20:59:03,882 - INFO - +++++++++Transforming data...
2025-02-06 20:59:11,068 - INFO - ++++++++++++Loading data...
2025-02-06 20:59:11,307 - INFO - ++++++++++++Loading data...
2025-02-07 16:24:34,109 - INFO - +++++++++++Extracting data...
2025-02-07 16:24:38,206 - INFO - +++++++++++Extracting data...
2025-02-07 16:24:41,159 - INFO - +++++++++Transforming data...
2025-02-07 16:25:04,360 - INFO - +++++++++Transforming data...
2025-02-07 16:25:11,652 - INFO - ++++++++++++Loading data...
2025-02-07 16:25:18,493 - INFO - ++++++++++++Loading data...
2025-02-07 16:37:36,447 - INFO - +++++++++++Extracting data...
2025-02-07 16:37:52,718 - INFO - +++++++++Transforming data...
2025-02-07 16:37:57,645 - INFO - ++++++++++++Loading data...
2025-02-07 17:22:02,372 - INFO - +++++++++++Extracting data...
2025-02-07 17:22:16,402 - INFO - +++++++++Transforming data...
2025-02-07 17:22:24,574 - INFO - ++++++++++++Loading data...
2025-02-07 17:27:44,187 - INFO - +++++++++++Extracting data...
2025-02-07 17:28:19,045 - INFO - +++++++++Transforming data...
2025-02-07 17:28:28,057 - INFO - ++++++++++++Loading data...
2025-02-07 17:39:35,829 - INFO - +++++++++++Extracting data...
2025-02-07 17:39:50,229 - INFO - +++++++++Transforming data...
2025-02-07 17:39:53,797 - INFO - ++++++++++++Loading data...
2025-02-08 10:00:06,086 - INFO - +++++++++++Extracting data...
2025-02-08 10:00:08,843 - INFO - +++++++++++Extracting data...
2025-02-08 10:00:40,929 - INFO - +++++++++Transforming data...
2025-02-08 10:00:45,031 - INFO - +++++++++Transforming data...
2025-02-08 10:00:53,278 - INFO - ++++++++++++Loading data...
2025-02-08 10:01:00,867 - INFO - ++++++++++++Loading data...
2025-02-08 10:16:49,214 - INFO - +++++++++++Extracting data...
2025-02-08 10:24:44,213 - INFO - +++++++++++Extracting data...
2025-02-08 10:32:25,491 - INFO - +++++++++++Extracting data...
2025-02-08 10:46:22,990 - INFO - +++++++++++Extracting data...
2025-02-08 10:46:26,858 - INFO - +++++++++++Extracting data...
2025-02-08 10:46:33,842 - INFO - +++++++++++Extracting data...
2025-02-08 10:46:40,810 - INFO - +++++++++++Extracting data...
2025-02-08 10:46:48,418 - INFO - +++++++++++Extracting data...
2025-02-08 10:46:55,119 - INFO - +++++++++++Extracting data...
2025-02-08 10:47:01,667 - INFO - +++++++++++Extracting data...
2025-02-08 10:47:07,197 - INFO - +++++++++++Extracting data...
2025-02-08 10:47:14,107 - INFO - +++++++++++Extracting data...
2025-02-08 10:47:21,753 - INFO - +++++++++++Extracting data...
2025-02-08 10:47:28,936 - INFO - +++++++++++Extracting data...
2025-02-08 10:47:35,945 - INFO - +++++++++++Extracting data...
2025-02-08 10:47:44,794 - INFO - +++++++++++Extracting data...
2025-02-08 10:47:52,641 - INFO - +++++++++++Extracting data...
2025-02-08 10:48:00,703 - INFO - +++++++++++Extracting data...
2025-02-08 10:48:08,570 - INFO - +++++++++++Extracting data...
2025-02-08 10:54:28,161 - INFO - +++++++++++Extracting data...
2025-02-08 10:54:31,622 - INFO - +++++++++++Extracting data...
2025-02-08 10:54:40,241 - INFO - +++++++++++Extracting data...
2025-02-08 10:54:49,579 - INFO - +++++++++++Extracting data...
2025-02-08 10:54:57,675 - INFO - +++++++++++Extracting data...
2025-02-08 10:55:06,524 - INFO - +++++++++++Extracting data...
2025-02-08 10:55:15,117 - INFO - +++++++++++Extracting data...
2025-02-08 10:55:24,726 - INFO - +++++++++++Extracting data...
2025-02-08 10:55:33,474 - INFO - +++++++++++Extracting data...
2025-02-08 10:55:41,677 - INFO - +++++++++++Extracting data...
2025-02-08 10:55:50,612 - INFO - +++++++++++Extracting data...
2025-02-08 10:55:58,813 - INFO - +++++++++++Extracting data...
2025-02-08 10:56:09,927 - INFO - +++++++++++Extracting data...
2025-02-08 10:56:20,289 - INFO - +++++++++++Extracting data...
2025-02-08 10:56:28,941 - INFO - +++++++++++Extracting data is successful ...
2025-02-08 10:56:43,241 - INFO - +++++++++Transforming data is successful...
2025-02-08 10:56:48,963 - INFO - +++++++++++Extracting data is successful ...
2025-02-08 10:57:04,929 - INFO - +++++++++Transforming data is successful...
2025-02-08 10:57:11,860 - INFO - ++++++++++++Loading data is successful...
2025-02-08 10:57:28,262 - INFO - +++++++++Transforming data is successful...
2025-02-08 10:57:33,939 - INFO - ++++++++++++Loading data is successful...
2025-02-08 10:57:39,998 - INFO - +++++++++++Extracting data...
2025-02-08 10:57:49,282 - INFO - ++++++++++++Loading data...
2025-02-08 10:58:01,339 - INFO - +++++++++++Extracting data...
2025-02-08 10:58:06,941 - INFO - +++++++++++Extracting data...
2025-02-08 10:59:53,040 - INFO - +++++++++++Extracting data is successful ...
2025-02-08 10:59:57,131 - INFO - +++++++++++Extracting data is successful ...
2025-02-08 11:00:11,988 - INFO - +++++++++Transforming data is successful...
2025-02-08 11:00:27,270 - INFO - +++++++++Transforming data is successful...
2025-02-08 11:00:43,150 - INFO - +++++++++Transforming data is successful...
2025-02-08 11:00:59,452 - INFO - +++++++++Transforming data is successful...
2025-02-08 11:01:15,006 - INFO - +++++++++Transforming data is successful...
2025-02-08 11:01:29,387 - INFO - +++++++++Transforming data is successful...
2025-02-08 11:01:36,171 - INFO - ++++++++++++Loading data is successful...
2025-02-08 11:01:43,234 - INFO - ++++++++++++Loading data is successful...
2025-02-08 11:02:01,179 - INFO - +++++++++Transforming data is successful...
2025-02-08 11:02:15,636 - INFO - +++++++++Transforming data is successful...
2025-02-08 11:02:31,006 - INFO - +++++++++Transforming data is successful...
2025-02-08 11:02:45,729 - INFO - +++++++++Transforming data is successful...
2025-02-08 11:03:00,224 - INFO - +++++++++Transforming data is successful...
2025-02-08 11:03:14,488 - INFO - +++++++++Transforming data is successful...
2025-02-08 11:03:29,306 - INFO - +++++++++Transforming data is successful...
2025-02-08 11:03:35,879 - INFO - ++++++++++++Loading data is successful...
2025-02-08 11:03:41,855 - INFO - ++++++++++++Loading data is successful...
2025-02-08 11:03:48,233 - INFO - ++++++++++++Loading data is successful...
2025-02-08 11:03:54,838 - INFO - ++++++++++++Loading data is successful...
2025-02-08 11:03:58,635 - INFO - +++++++++++Extracting data is successful ...
2025-02-08 11:04:13,136 - INFO - +++++++++Transforming data is successful...
2025-02-08 11:04:27,518 - INFO - +++++++++Transforming data is successful...
2025-02-08 11:04:42,467 - INFO - +++++++++Transforming data is successful...
2025-02-08 11:04:48,689 - INFO - ++++++++++++Loading data is successful...
2025-02-08 11:04:54,883 - INFO - ++++++++++++Loading data is successful...
2025-02-08 11:05:00,919 - INFO - ++++++++++++Loading data is successful...
2025-02-08 11:05:07,062 - INFO - ++++++++++++Loading data is successful...
2025-02-08 11:05:14,046 - INFO - ++++++++++++Loading data is successful...
2025-02-08 11:05:20,276 - INFO - ++++++++++++Loading data is successful...
2025-02-08 11:05:26,475 - INFO - ++++++++++++Loading data is successful...
2025-02-08 11:05:30,765 - INFO - +++++++++++Extracting data is successful ...
2025-02-08 11:05:45,850 - INFO - +++++++++Transforming data is successful...
2025-02-08 11:05:51,969 - INFO - ++++++++++++Loading data is successful...
2025-02-08 11:05:57,683 - INFO - ++++++++++++Loading data is successful...
2025-02-08 11:06:03,691 - INFO - ++++++++++++Loading data is successful...
2025-02-08 11:06:07,842 - INFO - +++++++++++Extracting data is successful ...
2025-02-08 11:06:22,751 - INFO - +++++++++Transforming data is successful...
2025-02-08 11:06:28,758 - INFO - ++++++++++++Loading data is successful...
2025-02-08 11:06:32,558 - INFO - +++++++++++Extracting data is successful ...
2025-02-08 11:06:46,949 - INFO - +++++++++Transforming data is successful...
2025-02-08 11:06:52,913 - INFO - ++++++++++++Loading data is successful...
2025-02-08 11:06:56,698 - INFO - +++++++++++Extracting data...
2025-02-08 11:07:07,163 - INFO - ++++++++++++Loading data...
2025-02-08 11:07:19,918 - INFO - +++++++++++Extracting data...
2025-02-08 11:07:25,415 - INFO - +++++++++++Extracting data...
2025-02-08 11:07:36,409 - INFO - +++++++++++Extracting data...
2025-02-08 11:07:45,217 - INFO - +++++++++++Extracting data...
2025-02-08 11:07:56,476 - INFO - +++++++++++Extracting data...
2025-02-08 11:08:07,032 - INFO - +++++++++++Extracting data...
2025-02-08 11:08:16,977 - INFO - +++++++++++Extracting data...
2025-02-08 11:08:24,745 - INFO - +++++++++++Extracting data...
2025-02-08 11:08:36,154 - INFO - +++++++++++Extracting data...
2025-02-08 11:08:46,156 - INFO - +++++++++++Extracting data...
2025-02-08 11:08:55,177 - INFO - +++++++++++Extracting data...
2025-02-08 11:09:07,050 - INFO - +++++++++++Extracting data...
2025-02-08 11:13:06,517 - INFO - +++++++++Transforming data is successful...
2025-02-08 11:13:17,485 - INFO - ++++++++++++Loading data...
2025-02-08 15:53:49,853 - INFO - +++++++++++Extracting data is successful ...
2025-02-08 15:54:06,801 - INFO - +++++++++Transforming data is successful...
2025-02-08 15:54:12,692 - INFO - ++++++++++++Loading data is successful...
2025-02-09 10:00:04,366 - INFO - +++++++++++Extracting data...
2025-02-09 10:00:07,707 - INFO - +++++++++++Extracting data...
2025-02-09 10:00:10,452 - INFO - +++++++++Transforming data...
2025-02-09 10:00:19,331 - INFO - ++++++++++++Loading data...
2025-02-09 10:24:53,563 - INFO - +++++++++++Extracting data is successful ...
2025-02-09 10:25:07,239 - INFO - +++++++++Transforming data is successful...
2025-02-09 10:25:15,033 - INFO - ++++++++++++Loading data is successful...
2025-02-09 11:01:58,078 - INFO - +++++++++++Extracting data...
2025-02-09 11:10:54,393 - INFO - +++++++++++Extracting data is successful ...
2025-02-09 11:11:22,237 - INFO - +++++++++Transforming data is successful...
2025-02-09 11:11:28,244 - INFO - ++++++++++++Loading data is successful...
2025-02-09 11:16:49,322 - INFO - +++++++++++Extracting data...
2025-02-09 11:22:20,521 - INFO - +++++++++Transforming data is successful...
2025-02-09 11:22:30,067 - INFO - ++++++++++++Loading data is successful...
2025-02-09 11:31:38,350 - INFO - +++++++++++Extracting data...
2025-02-09 11:53:11,532 - INFO - +++++++++++Extracting data is successful ...
2025-02-09 11:53:23,737 - INFO - +++++++++Transforming data is successful...
2025-02-09 11:53:28,172 - INFO - ++++++++++++Loading data is successful...
2025-02-09 11:53:50,348 - INFO - +++++++++++Extracting data...
2025-02-09 11:55:41,528 - INFO - +++++++++++Extracting data...
2025-02-09 11:55:52,617 - INFO - +++++++++Transforming data is successful...
2025-02-09 11:55:55,876 - INFO - ++++++++++++Loading data is successful...
2025-02-09 11:59:18,751 - INFO - +++++++++++Extracting data is successful ...
2025-02-09 12:00:40,212 - INFO - +++++++++Transforming data is successful...
2025-02-09 12:00:43,885 - INFO - ++++++++++++Loading data is successful...
2025-02-09 12:16:48,331 - INFO - +++++++++++Extracting data...
2025-02-09 12:22:05,127 - INFO - +++++++++Transforming data is successful...
2025-02-09 12:22:09,003 - INFO - ++++++++++++Loading data is successful...
2025-02-09 12:23:55,799 - INFO - +++++++++++Extracting data is successful ...
2025-02-09 12:23:55,799 - INFO - +++++++++++Extracting data is successful ...
2025-02-09 12:23:56,147 - INFO - +++++++++++Extracting data is successful ...
2025-02-09 12:23:56,271 - INFO - +++++++++++Extracting data is successful ...
2025-02-09 12:23:56,618 - INFO - +++++++++++Extracting data is successful ...
2025-02-09 12:23:59,444 - INFO - +++++++++++Extracting data is successful ...
2025-02-09 12:24:00,036 - INFO - +++++++++++Extracting data is successful ...
2025-02-09 12:24:00,140 - INFO - +++++++++++Extracting data is successful ...
2025-02-09 12:24:03,529 - INFO - +++++++++++Extracting data is successful ...
2025-02-09 12:24:04,433 - INFO - +++++++++++Extracting data is successful ...
2025-02-09 12:24:05,180 - INFO - +++++++++++Extracting data is successful ...
2025-02-09 12:24:10,318 - INFO - +++++++++++Extracting data is successful ...
2025-02-09 12:24:10,717 - INFO - +++++++++Transforming data is successful...
2025-02-09 12:24:15,421 - INFO - +++++++++Transforming data is successful...
2025-02-09 12:24:16,540 - INFO - +++++++++Transforming data is successful...
2025-02-09 12:24:21,737 - INFO - +++++++++++Extracting data is successful ...
2025-02-09 12:24:25,265 - INFO - +++++++++Transforming data is successful...
2025-02-09 12:24:26,105 - INFO - +++++++++Transforming data is successful...
2025-02-09 12:24:30,002 - INFO - +++++++++Transforming data is successful...
2025-02-09 12:24:34,894 - INFO - +++++++++Transforming data is successful...
2025-02-09 12:24:39,537 - INFO - +++++++++Transforming data is successful...
2025-02-09 12:24:39,703 - INFO - +++++++++Transforming data is successful...
2025-02-09 12:24:40,703 - INFO - ++++++++++++Loading data is successful...
2025-02-09 12:24:44,830 - INFO - ++++++++++++Loading data is successful...
2025-02-09 12:24:45,138 - INFO - +++++++++Transforming data is successful...
2025-02-09 12:24:48,494 - INFO - ++++++++++++Loading data is successful...
2025-02-09 12:24:49,100 - INFO - +++++++++++Extracting data is successful ...
2025-02-09 12:24:51,591 - INFO - +++++++++Transforming data is successful...
2025-02-09 12:24:51,933 - INFO - +++++++++Transforming data is successful...
2025-02-09 12:24:55,335 - INFO - +++++++++++Extracting data is successful ...
2025-02-09 12:24:56,380 - INFO - +++++++++++Extracting data is successful ...
2025-02-09 12:25:02,204 - ERROR - Error processing row 22: HTTPSConnectionPool(host='api.openweathermap.org', port=443): Max retries exceeded with url: /data/2.5/weather?q=Los%20Angeles&appid=ac40e378daf6601e197b09f6e4be945e (Caused by NewConnectionError('<urllib3.connection.HTTPSConnection object at 0x7f864274c9e0>: Failed to establish a new connection: [Errno 113] No route to host'))
2025-02-09 12:25:02,964 - INFO - +++++++++++Extracting data is successful ...
2025-02-09 12:25:05,932 - INFO - ++++++++++++Loading data is successful...
2025-02-09 12:25:08,952 - INFO - ++++++++++++Loading data is successful...
2025-02-09 12:25:13,378 - INFO - ++++++++++++Loading data is successful...
2025-02-09 12:25:15,523 - INFO - +++++++++++Extracting data is successful ...
2025-02-09 12:25:15,606 - INFO - ++++++++++++Loading data is successful...
2025-02-09 12:25:22,437 - INFO - ++++++++++++Loading data is successful...
2025-02-09 12:25:29,535 - INFO - ++++++++++++Loading data is successful...
2025-02-09 12:25:30,758 - INFO - +++++++++Transforming data is successful...
2025-02-09 12:25:32,347 - INFO - +++++++++Transforming data is successful...
2025-02-09 12:25:36,613 - INFO - ++++++++++++Loading data is successful...
2025-02-09 12:25:41,520 - INFO - ++++++++++++Loading data is successful...
2025-02-09 12:25:46,780 - INFO - +++++++++Transforming data is successful...
2025-02-09 12:25:47,121 - INFO - ++++++++++++Loading data is successful...
2025-02-09 12:25:51,468 - INFO - ++++++++++++Loading data is successful...
2025-02-09 12:25:55,128 - INFO - ++++++++++++Loading data is successful...
2025-02-09 12:25:57,106 - INFO - +++++++++++Extracting data is successful ...
2025-02-09 12:26:00,960 - INFO - +++++++++++Extracting data is successful ...
2025-02-09 12:26:04,168 - INFO - +++++++++Transforming data is successful...
2025-02-09 12:26:16,846 - INFO - ++++++++++++Loading data is successful...
2025-02-09 12:26:23,846 - INFO - +++++++++Transforming data is successful...
2025-02-09 12:26:26,248 - INFO - ++++++++++++Loading data is successful...
2025-02-09 12:26:33,297 - INFO - ++++++++++++Loading data is successful...
2025-02-09 12:26:33,618 - INFO - +++++++++++Extracting data is successful ...
2025-02-09 12:26:35,092 - INFO - +++++++++++Extracting data is successful ...
2025-02-09 12:26:37,810 - INFO - +++++++++++Extracting data is successful ...
2025-02-09 12:26:42,141 - INFO - +++++++++++Extracting data is successful ...
2025-02-09 12:26:45,871 - INFO - +++++++++++Extracting data is successful ...
2025-02-09 12:26:58,376 - INFO - +++++++++Transforming data is successful...
2025-02-09 12:26:58,392 - INFO - +++++++++Transforming data is successful...
2025-02-09 12:27:02,305 - INFO - +++++++++++Extracting data is successful ...
2025-02-09 12:27:04,697 - INFO - +++++++++Transforming data is successful...
2025-02-09 12:27:05,499 - INFO - +++++++++++Extracting data is successful ...
2025-02-09 12:27:15,518 - INFO - ++++++++++++Loading data is successful...
2025-02-09 12:27:21,656 - INFO - ++++++++++++Loading data is successful...
2025-02-09 12:27:22,685 - INFO - +++++++++Transforming data is successful...
2025-02-09 12:27:25,942 - INFO - +++++++++++Extracting data is successful ...
2025-02-09 12:27:26,243 - INFO - +++++++++Transforming data is successful...
2025-02-09 12:27:38,133 - INFO - +++++++++++Extracting data is successful ...
2025-02-09 12:27:42,741 - INFO - +++++++++++Extracting data is successful ...
2025-02-09 12:27:44,291 - INFO - +++++++++Transforming data is successful...
2025-02-09 12:27:45,499 - INFO - +++++++++Transforming data is successful...
2025-02-09 12:27:51,444 - INFO - ++++++++++++Loading data is successful...
2025-02-09 12:27:57,714 - INFO - ++++++++++++Loading data is successful...
2025-02-09 12:28:00,691 - INFO - +++++++++Transforming data is successful...
2025-02-09 12:28:01,559 - INFO - +++++++++++Extracting data is successful ...
2025-02-09 12:28:02,962 - INFO - +++++++++Transforming data is successful...
2025-02-09 12:28:08,959 - INFO - ++++++++++++Loading data is successful...
2025-02-09 12:28:19,870 - INFO - +++++++++Transforming data is successful...
2025-02-09 12:28:21,026 - INFO - +++++++++Transforming data is successful...
2025-02-09 12:28:28,674 - INFO - ++++++++++++Loading data is successful...
2025-02-09 12:28:31,104 - INFO - +++++++++Transforming data is successful...
2025-02-09 12:28:36,116 - INFO - ++++++++++++Loading data is successful...
2025-02-09 12:28:37,000 - INFO - ++++++++++++Loading data is successful...
2025-02-09 12:28:39,144 - INFO - ++++++++++++Loading data is successful...
2025-02-09 12:28:45,032 - INFO - ++++++++++++Loading data is successful...
2025-02-09 12:28:45,236 - INFO - +++++++++++Extracting data is successful ...
2025-02-09 12:28:45,376 - INFO - +++++++++++Extracting data is successful ...
2025-02-09 12:28:47,169 - INFO - +++++++++++Extracting data is successful ...
2025-02-09 12:28:48,757 - INFO - +++++++++++Extracting data is successful ...
2025-02-09 12:28:51,331 - INFO - ++++++++++++Loading data is successful...
2025-02-09 12:28:58,738 - INFO - ++++++++++++Loading data is successful...
2025-02-09 12:29:04,118 - INFO - +++++++++Transforming data is successful...
2025-02-09 12:29:06,059 - INFO - +++++++++Transforming data is successful...
2025-02-09 12:29:06,077 - INFO - +++++++++Transforming data is successful...
2025-02-09 12:29:07,900 - INFO - +++++++++++Extracting data is successful ...
2025-02-09 12:29:09,662 - INFO - +++++++++++Extracting data is successful ...
2025-02-09 12:29:10,000 - INFO - ++++++++++++Loading data is successful...
2025-02-09 12:29:11,416 - INFO - +++++++++++Extracting data is successful ...
2025-02-09 12:29:13,458 - INFO - +++++++++++Extracting data is successful ...
2025-02-09 12:29:15,735 - INFO - ++++++++++++Loading data is successful...
2025-02-09 12:29:24,625 - INFO - +++++++++Transforming data is successful...
2025-02-09 12:29:25,137 - INFO - ++++++++++++Loading data is successful...
2025-02-09 12:29:31,681 - INFO - +++++++++Transforming data is successful...
2025-02-09 12:29:33,630 - INFO - +++++++++Transforming data is successful...
2025-02-09 12:29:38,237 - INFO - ++++++++++++Loading data is successful...
2025-02-09 12:29:38,529 - INFO - +++++++++++Extracting data is successful ...
2025-02-09 12:29:42,070 - INFO - ++++++++++++Loading data is successful...
2025-02-09 12:29:46,292 - INFO - +++++++++Transforming data is successful...
2025-02-09 12:29:53,715 - INFO - ++++++++++++Loading data is successful...
2025-02-09 12:29:59,448 - INFO - +++++++++Transforming data is successful...
2025-02-09 12:30:06,811 - INFO - +++++++++Transforming data is successful...
2025-02-09 12:30:07,236 - INFO - ++++++++++++Loading data is successful...
2025-02-09 12:30:14,451 - INFO - ++++++++++++Loading data is successful...
2025-02-09 12:30:16,458 - INFO - ++++++++++++Loading data is successful...
2025-02-09 12:30:22,887 - INFO - +++++++++Transforming data is successful...
2025-02-09 12:30:30,544 - INFO - ++++++++++++Loading data is successful...
2025-02-09 12:39:22,260 - INFO - +++++++++++Extracting data is successful ...
2025-02-09 12:39:39,246 - INFO - +++++++++Transforming data is successful...
2025-02-09 12:39:45,571 - INFO - ++++++++++++Loading data is successful...
2025-02-09 12:48:38,734 - INFO - +++++++++++Extracting data is successful ...
2025-02-09 12:49:28,307 - INFO - +++++++++Transforming data is successful...
2025-02-09 12:49:34,796 - INFO - ++++++++++++Loading data is successful...
